mode: set
github.com/ElenaMikhailovskaya/go_final_project/internal/service/helpers.go:3.57,6.25 2 0
github.com/ElenaMikhailovskaya/go_final_project/internal/service/helpers.go:6.25,8.3 1 0
github.com/ElenaMikhailovskaya/go_final_project/internal/service/helpers.go:9.2,9.15 1 0
github.com/ElenaMikhailovskaya/go_final_project/internal/service/helpers.go:12.40,13.25 1 0
github.com/ElenaMikhailovskaya/go_final_project/internal/service/helpers.go:13.25,15.3 1 0
github.com/ElenaMikhailovskaya/go_final_project/internal/service/methods.go:12.83,17.16 4 0
github.com/ElenaMikhailovskaya/go_final_project/internal/service/methods.go:17.16,19.3 1 0
github.com/ElenaMikhailovskaya/go_final_project/internal/service/methods.go:21.2,22.16 2 0
github.com/ElenaMikhailovskaya/go_final_project/internal/service/methods.go:22.16,24.3 1 0
github.com/ElenaMikhailovskaya/go_final_project/internal/service/methods.go:30.2,34.26 4 0
github.com/ElenaMikhailovskaya/go_final_project/internal/service/methods.go:34.26,36.3 1 0
github.com/ElenaMikhailovskaya/go_final_project/internal/service/methods.go:38.2,39.27 2 0
github.com/ElenaMikhailovskaya/go_final_project/internal/service/methods.go:39.27,41.3 1 0
github.com/ElenaMikhailovskaya/go_final_project/internal/service/methods.go:43.2,44.27 2 0
github.com/ElenaMikhailovskaya/go_final_project/internal/service/methods.go:44.27,46.3 1 0
github.com/ElenaMikhailovskaya/go_final_project/internal/service/methods.go:48.2,48.18 1 0
github.com/ElenaMikhailovskaya/go_final_project/internal/service/methods.go:48.18,50.3 1 0
github.com/ElenaMikhailovskaya/go_final_project/internal/service/methods.go:52.2,54.26 2 0
github.com/ElenaMikhailovskaya/go_final_project/internal/service/methods.go:54.26,56.3 1 0
github.com/ElenaMikhailovskaya/go_final_project/internal/service/methods.go:58.2,58.24 1 0
github.com/ElenaMikhailovskaya/go_final_project/internal/service/methods.go:59.11,62.32 2 0
github.com/ElenaMikhailovskaya/go_final_project/internal/service/methods.go:62.32,64.4 1 0
github.com/ElenaMikhailovskaya/go_final_project/internal/service/methods.go:66.3,67.23 2 0
github.com/ElenaMikhailovskaya/go_final_project/internal/service/methods.go:68.11,69.27 1 0
github.com/ElenaMikhailovskaya/go_final_project/internal/service/methods.go:69.27,71.4 1 0
github.com/ElenaMikhailovskaya/go_final_project/internal/service/methods.go:71.9,73.82 2 0
github.com/ElenaMikhailovskaya/go_final_project/internal/service/methods.go:73.82,75.5 1 0
github.com/ElenaMikhailovskaya/go_final_project/internal/service/methods.go:75.10,76.19 1 0
github.com/ElenaMikhailovskaya/go_final_project/internal/service/methods.go:76.19,78.6 1 0
github.com/ElenaMikhailovskaya/go_final_project/internal/service/methods.go:79.5,79.27 1 0
github.com/ElenaMikhailovskaya/go_final_project/internal/service/methods.go:79.27,81.6 1 0
github.com/ElenaMikhailovskaya/go_final_project/internal/service/methods.go:83.5,85.34 2 0
github.com/ElenaMikhailovskaya/go_final_project/internal/service/methods.go:85.34,87.6 1 0
github.com/ElenaMikhailovskaya/go_final_project/internal/service/methods.go:90.3,91.23 2 0
github.com/ElenaMikhailovskaya/go_final_project/internal/service/methods.go:92.11,93.57 1 0
github.com/ElenaMikhailovskaya/go_final_project/internal/service/methods.go:128.11,129.57 1 0
github.com/ElenaMikhailovskaya/go_final_project/internal/service/methods.go:130.10,131.74 1 0
github.com/ElenaMikhailovskaya/go_final_project/internal/service/methods.go:134.2,134.22 1 0
github.com/ElenaMikhailovskaya/go_final_project/internal/service/public_methods.go:10.64,18.21 5 0
github.com/ElenaMikhailovskaya/go_final_project/internal/service/public_methods.go:18.21,20.3 1 0
github.com/ElenaMikhailovskaya/go_final_project/internal/service/public_methods.go:20.8,22.17 2 0
github.com/ElenaMikhailovskaya/go_final_project/internal/service/public_methods.go:22.17,24.4 1 0
github.com/ElenaMikhailovskaya/go_final_project/internal/service/public_methods.go:25.3,25.19 1 0
github.com/ElenaMikhailovskaya/go_final_project/internal/service/public_methods.go:29.2,29.23 1 0
github.com/ElenaMikhailovskaya/go_final_project/internal/service/public_methods.go:29.23,31.3 1 0
github.com/ElenaMikhailovskaya/go_final_project/internal/service/public_methods.go:31.8,34.17 3 0
github.com/ElenaMikhailovskaya/go_final_project/internal/service/public_methods.go:34.17,36.4 1 0
github.com/ElenaMikhailovskaya/go_final_project/internal/service/public_methods.go:38.2,40.23 2 0
github.com/ElenaMikhailovskaya/go_final_project/internal/service/public_methods.go:43.65,47.16 3 0
github.com/ElenaMikhailovskaya/go_final_project/internal/service/public_methods.go:47.16,49.3 1 0
github.com/ElenaMikhailovskaya/go_final_project/internal/service/public_methods.go:51.2,52.33 2 0
github.com/ElenaMikhailovskaya/go_final_project/internal/service/public_methods.go:52.33,54.3 1 0
github.com/ElenaMikhailovskaya/go_final_project/internal/service/public_methods.go:57.2,57.22 1 0
github.com/ElenaMikhailovskaya/go_final_project/internal/service/public_methods.go:57.22,59.3 1 0
github.com/ElenaMikhailovskaya/go_final_project/internal/service/public_methods.go:59.8,62.17 3 0
github.com/ElenaMikhailovskaya/go_final_project/internal/service/public_methods.go:62.17,64.4 1 0
github.com/ElenaMikhailovskaya/go_final_project/internal/service/public_methods.go:66.2,69.12 3 0
github.com/ElenaMikhailovskaya/go_final_project/internal/service/public_methods.go:72.46,74.33 2 0
github.com/ElenaMikhailovskaya/go_final_project/internal/service/public_methods.go:74.33,76.3 1 0
github.com/ElenaMikhailovskaya/go_final_project/internal/service/public_methods.go:78.2,80.12 2 0
github.com/ElenaMikhailovskaya/go_final_project/internal/service/public_methods.go:83.44,85.33 2 0
github.com/ElenaMikhailovskaya/go_final_project/internal/service/public_methods.go:85.33,87.3 1 0
github.com/ElenaMikhailovskaya/go_final_project/internal/service/public_methods.go:88.2,88.23 1 0
github.com/ElenaMikhailovskaya/go_final_project/internal/service/public_methods.go:88.23,90.17 2 0
github.com/ElenaMikhailovskaya/go_final_project/internal/service/public_methods.go:90.17,92.4 1 0
github.com/ElenaMikhailovskaya/go_final_project/internal/service/public_methods.go:93.8,103.17 4 0
github.com/ElenaMikhailovskaya/go_final_project/internal/service/public_methods.go:103.17,105.4 1 0
github.com/ElenaMikhailovskaya/go_final_project/internal/service/public_methods.go:107.2,107.12 1 0
github.com/ElenaMikhailovskaya/go_final_project/internal/service/public_methods.go:110.65,113.16 3 0
github.com/ElenaMikhailovskaya/go_final_project/internal/service/public_methods.go:113.16,115.3 1 0
github.com/ElenaMikhailovskaya/go_final_project/internal/service/public_methods.go:116.2,116.27 1 0
github.com/ElenaMikhailovskaya/go_final_project/internal/service/public_methods.go:116.27,118.3 1 0
github.com/ElenaMikhailovskaya/go_final_project/internal/service/public_methods.go:120.2,120.19 1 0
github.com/ElenaMikhailovskaya/go_final_project/internal/service/public_methods.go:123.72,127.16 4 0
github.com/ElenaMikhailovskaya/go_final_project/internal/service/public_methods.go:127.16,129.3 1 0
github.com/ElenaMikhailovskaya/go_final_project/internal/service/public_methods.go:129.8,131.3 1 0
github.com/ElenaMikhailovskaya/go_final_project/internal/service/public_methods.go:132.2,133.16 2 0
github.com/ElenaMikhailovskaya/go_final_project/internal/service/public_methods.go:133.16,135.3 1 0
github.com/ElenaMikhailovskaya/go_final_project/internal/service/public_methods.go:136.2,136.19 1 0
github.com/ElenaMikhailovskaya/go_final_project/internal/service/public_methods.go:139.58,142.16 3 0
github.com/ElenaMikhailovskaya/go_final_project/internal/service/public_methods.go:142.16,144.3 1 0
github.com/ElenaMikhailovskaya/go_final_project/internal/service/public_methods.go:145.2,145.19 1 0
github.com/ElenaMikhailovskaya/go_final_project/internal/service/public_methods.go:145.19,147.3 1 0
github.com/ElenaMikhailovskaya/go_final_project/internal/service/public_methods.go:149.2,149.18 1 0
